nfo	

Stopping script script.js.home_jogi.Solar.Lastenausgang.gemini_victron_astausgang_v2

javascript.0	22:41:25.986	info	

Start JavaScript script.js.home_jogi.Solar.Lastenausgang.gemini_victron_astausgang_v2 (Javascript/js)

javascript.0	22:41:26.030	info	

registered 3 subscriptions, 2 schedules, 0 messages, 0 logs and 0 file subscriptions

javascript.0	22:42:00.091	info	

Tagesverbrauch inkl. Offset: 0 kWh

javascript.0	22:43:00.159	info	

Tagesverbrauch inkl. Offset: 0.001 kWh

javascript.0	22:44:00.067	info	

Tagesverbrauch inkl. Offset: 0.001 kWh

javascript.0	22:45:00.052	info	

Tagesverbrauch inkl. Offset: 0.002 kWh

javascript.0	22:46:00.047	info	

Tagesverbrauch inkl. Offset: 0.002 kWh

javascript.0	22:47:00.055	info	

Tagesverbrauch inkl. Offset: 0.003 kWh

javascript.0	22:47:14.035	info	

Backup erfolgreich wiederhergestellt!

javascript.0	22:47:14.035	info	

Backup wiederhergestellt.